c:\users\jakob.ferber\source\repos\consoleapplication1\consoleapplication1\x64\debug\vc143.pdb
c:\users\jakob.ferber\source\repos\consoleapplication1\consoleapplication1\x64\debug\vc143.idb
c:\users\jakob.ferber\source\repos\consoleapplication1\consoleapplication1\x64\debug\restclient.obj
c:\users\jakob.ferber\source\repos\consoleapplication1\consoleapplication1\x64\debug\helpers.obj
c:\users\jakob.ferber\source\repos\consoleapplication1\consoleapplication1\x64\debug\connection.obj
c:\users\jakob.ferber\source\repos\consoleapplication1\consoleapplication1\x64\debug\consoleapplication1.obj
c:\users\jakob.ferber\desktop\api_promos\cpp\consoleapplication1\consoleapplication1\x64\debug\vc143.pdb
c:\users\jakob.ferber\desktop\api_promos\cpp\consoleapplication1\consoleapplication1\x64\debug\vc143.idb
c:\users\jakob.ferber\desktop\api_promos\cpp\consoleapplication1\consoleapplication1\x64\debug\restclient.obj
c:\users\jakob.ferber\desktop\api_promos\cpp\consoleapplication1\consoleapplication1\x64\debug\helpers.obj
c:\users\jakob.ferber\desktop\api_promos\cpp\consoleapplication1\consoleapplication1\x64\debug\connection.obj
c:\users\jakob.ferber\desktop\api_promos\cpp\consoleapplication1\consoleapplication1\x64\debug\consoleapplication1.obj
c:\users\jakob.ferber\source\repos\consoleapplication1\x64\debug\consoleapplication1.exe
c:\users\jakob.ferber\source\repos\consoleapplication1\consoleapplication1\x64\debug\consoleapplication1.ilk
c:\users\jakob.ferber\source\repos\consoleapplication1\x64\debug\consoleapplication1.pdb
c:\users\jakob.ferber\desktop\api_promos\cpp\consoleapplication1\x64\debug\consoleapplication1.exe
c:\users\jakob.ferber\desktop\api_promos\cpp\consoleapplication1\consoleapplication1\x64\debug\consoleapplication1.ilk
c:\users\jakob.ferber\desktop\api_promos\cpp\consoleapplication1\x64\debug\consoleapplication1.pdb
c:\users\jakob.ferber\desktop\api_promos\cpp\consoleapplication1\consoleapplication1\x64\debug\consolea.108d016c.tlog\cl.command.1.tlog
c:\users\jakob.ferber\desktop\api_promos\cpp\consoleapplication1\consoleapplication1\x64\debug\consolea.108d016c.tlog\cl.read.1.tlog
c:\users\jakob.ferber\desktop\api_promos\cpp\consoleapplication1\consoleapplication1\x64\debug\consolea.108d016c.tlog\cl.write.1.tlog
c:\users\jakob.ferber\desktop\api_promos\cpp\consoleapplication1\consoleapplication1\x64\debug\consolea.108d016c.tlog\link.command.1.tlog
c:\users\jakob.ferber\desktop\api_promos\cpp\consoleapplication1\consoleapplication1\x64\debug\consolea.108d016c.tlog\link.read.1.tlog
c:\users\jakob.ferber\desktop\api_promos\cpp\consoleapplication1\consoleapplication1\x64\debug\consolea.108d016c.tlog\link.write.1.tlog
